0 info it worked if it ends with ok
1 verbose cli [ '/home/linuxbrew/.linuxbrew/Cellar/node/10.9.0/bin/node',
1 verbose cli   '/home/linuxbrew/.linuxbrew/bin/npm',
1 verbose cli   'run',
1 verbose cli   'users' ]
2 info using npm@3.10.10
3 info using node@v10.9.0
4 verbose stack Error: ENOENT: no such file or directory, open '/home/jose/worspace_cursoMongodb/package.json'
5 verbose cwd /home/jose/worspace_cursoMongodb
6 error Linux 4.15.0-47-generic
7 error argv "/home/linuxbrew/.linuxbrew/Cellar/node/10.9.0/bin/node" "/home/linuxbrew/.linuxbrew/bin/npm" "run" "users"
8 error node v10.9.0
9 error npm  v3.10.10
10 error path /home/jose/worspace_cursoMongodb/package.json
11 error code ENOENT
12 error errno -2
13 error syscall open
14 error enoent ENOENT: no such file or directory, open '/home/jose/worspace_cursoMongodb/package.json'
15 error enoent ENOENT: no such file or directory, open '/home/jose/worspace_cursoMongodb/package.json'
15 error enoent This is most likely not a problem with npm itself
15 error enoent and is related to npm not being able to find a file.
16 verbose exit [ -2, true ]
